c:\users\ali maher\documents\visual studio 2015\projects\bank0.1\debug\bunifu_ui_v1.4.dll
c:\users\ali maher\documents\visual studio 2015\projects\bank0.1\bank0.1\debug\bank01.account.resources
c:\users\ali maher\documents\visual studio 2015\projects\bank0.1\bank0.1\debug\bank01.cdashboard.resources
c:\users\ali maher\documents\visual studio 2015\projects\bank0.1\bank0.1\debug\bank01.registrationform.resources
c:\users\ali maher\documents\visual studio 2015\projects\bank0.1\bank0.1\debug\vc140.pdb
c:\users\ali maher\documents\visual studio 2015\projects\bank0.1\bank0.1\debug\.netframework,version=v4.6.1.assemblyattributes.obj
c:\users\ali maher\documents\visual studio 2015\projects\bank0.1\bank0.1\debug\.netframework,version=v4.6.1.assemblyattributes.asm
c:\users\ali maher\documents\visual studio 2015\projects\bank0.1\bank0.1\debug\registrationform.obj
c:\users\ali maher\documents\visual studio 2015\projects\bank0.1\bank0.1\debug\cdashboard.obj
c:\users\ali maher\documents\visual studio 2015\projects\bank0.1\bank0.1\debug\account.obj
c:\users\ali maher\documents\visual studio 2015\projects\bank0.1\debug\bank0.1.exe
c:\users\ali maher\documents\visual studio 2015\projects\bank0.1\debug\bank0.1.pdb
c:\users\ali maher\documents\visual studio 2015\projects\bank0.1\bank0.1\debug\bank0.1.tlog\metagen.write.1.tlog
c:\users\ali maher\documents\visual studio 2015\projects\bank0.1\bank0.1\debug\bank0.1.vcxproj.generateresource.cache
c:\users\ali maher\documents\visual studio 2015\projects\bank0.1\bank0.1\debug\bank0.1.vcxprojresolveassemblyreference.cache
c:\users\ali maher\documents\visual studio 2015\projects\bank0.1\bank0.1\debug\bank0.1.tlog\bank0.1.write.1u.tlog
c:\users\ali maher\documents\visual studio 2015\projects\bank0.1\bank0.1\debug\bank0.1.tlog\cl.command.1.tlog
c:\users\ali maher\documents\visual studio 2015\projects\bank0.1\bank0.1\debug\bank0.1.tlog\cl.read.1.tlog
c:\users\ali maher\documents\visual studio 2015\projects\bank0.1\bank0.1\debug\bank0.1.tlog\cl.write.1.tlog
c:\users\ali maher\documents\visual studio 2015\projects\bank0.1\bank0.1\debug\bank0.1.tlog\link.command.1.tlog
c:\users\ali maher\documents\visual studio 2015\projects\bank0.1\bank0.1\debug\bank0.1.tlog\link.read.1.tlog
c:\users\ali maher\documents\visual studio 2015\projects\bank0.1\bank0.1\debug\bank0.1.tlog\link.write.1.tlog
c:\users\ali maher\documents\visual studio 2015\projects\bank0.1\bank0.1\debug\bank0.1.tlog\metagen.read.1.tlog
c:\users\ali maher\documents\visual studio 2015\projects\bank0.1\bank0.1\debug\bank0.1.tlog\bunifu_ui_v1.4.dll.metagen
c:\users\ali maher\documents\visual studio 2015\projects\bank0.1\bank0.1\debug\bank0.1.tlog\tzres.dll.bi
